#
# A fatal error has been detected by the Java Runtime Environment:
#
#  EXCEPTION_ACCESS_VIOLATION (0xc0000005) at pc=0x00007fffc1c3dcda, pid=10856, tid=18656
#
# JRE version: OpenJDK Runtime Environment Corretto-17.0.16.8.1 (17.0.16+8) (build 17.0.16+8-LTS)
# Java VM: OpenJDK 64-Bit Server VM Corretto-17.0.16.8.1 (17.0.16+8-LTS, mixed mode, sharing, tiered, compressed oops, compressed class ptrs, g1 gc, windows-amd64)
# Problematic frame:
# C  [imgui-java64.dll+0x4dcda]
#
# No core dump will be written. Minidumps are not enabled by default on client versions of Windows
#
# If you would like to submit a bug report, please visit:
#   https://github.com/corretto/corretto-17/issues/
# The crash happened outside the Java Virtual Machine in native code.
# See problematic frame for where to report the bug.
#

---------------  S U M M A R Y ------------

Command Line: -Dfile.encoding=UTF-8 -Duser.country=ES -Duser.language=es -Duser.variant org.argentumforge.Main

Host: 12th Gen Intel(R) Core(TM) i5-12600K, 16 cores, 31G,  Windows 11 , 64 bit Build 26100 (10.0.26100.7309)
Time: Mon Jan 12 22:58:02 2026 Hora estándar romance elapsed time: 4.089274 seconds (0d 0h 0m 4s)

---------------  T H R E A D  ---------------

Current thread (0x0000018e372fd640):  JavaThread "main" [_thread_in_native, id=18656, stack(0x0000005ca6500000,0x0000005ca6600000)]

Stack: [0x0000005ca6500000,0x0000005ca6600000],  sp=0x0000005ca65ff2d8,  free space=1020k
Native frames: (J=compiled Java code, j=interpreted, Vv=VM code, C=native code)
C  [imgui-java64.dll+0x4dcda]

Java frames: (J=compiled Java code, j=interpreted, Vv=VM code)
j  imgui.ImGui.nGetForegroundDrawList()J+0
j  imgui.ImGui.getForegroundDrawList()Limgui/ImDrawList;+3
j  org.argentumforge.engine.scenes.GameScene.renderTriggers(Lorg/argentumforge/engine/renderer/RenderSettings;II)V+279
j  org.argentumforge.engine.scenes.GameScene.renderScreen(IIII)V+193
j  org.argentumforge.engine.scenes.GameScene.render()V+293
j  org.argentumforge.engine.Engine.render()V+51
j  org.argentumforge.engine.Engine.loop()V+71
j  org.argentumforge.engine.Engine.start()V+5
j  org.argentumforge.Main.main([Ljava/lang/String;)V+7
v  ~StubRoutines::call_stub

siginfo: EXCEPTION_ACCESS_VIOLATION (0xc0000005), reading address 0x0000000000000030


Registers:
RAX=0x0000000000000000, RBX=0x0000018ea668a5e0, RCX=0x0000018e372fd8f8, RDX=0x0000000000000001
RSP=0x0000005ca65ff2d8, RBP=0x0000005ca65ff348, RSI=0x0000018ea6e1cd88, RDI=0x0000000000000000
R8 =0x00007fffc20da05a, R9 =0x0000000000000002, R10=0x0000018e4629d6b2, R11=0x00000006204c2a48
R12=0x0000000000000000, R13=0x0000018ea668a5e0, R14=0x0000005ca65ff360, R15=0x0000018e372fd640
RIP=0x00007fffc1c3dcda, EFLAGS=0x0000000000010283

XMM[0]=0x0000000000000000 0x0000000000000000
XMM[1]=0x0000000000000000 0x0000000000000000
XMM[2]=0x2525252525252525 0x2525252525252525
XMM[3]=0x0030006300780030 0x0020003a00730075
XMM[4]=0x000a002e00390033 0x0031003000300030
XMM[5]=0x65726f467465476e 0x5f6975476d495f69
XMM[6]=0x0000000000000000 0x000000003f800000
XMM[7]=0x0000000000000000 0x000000000006bb6f
XMM[8]=0x0000000000000000 0x000000000006bb6e
XMM[9]=0x0000000000000000 0x000000000006bb6d
XMM[10]=0x0000000000000000 0x000000000006bb6c
XMM[11]=0x0000000000000000 0x000000000006bb6b
XMM[12]=0x0000000000000000 0x000000000006bb6a
XMM[13]=0x0000000000000000 0x000000000006bb69
XMM[14]=0x0000000000000000 0x00000000ff5c331f
XMM[15]=0x0000000000000000 0x00000000ff401d07
  MXCSR=0x00001fa0


Register to memory mapping:

RIP=0x00007fffc1c3dcda imgui-java64.dll
RAX=0x0 is NULL
RBX={method} {0x0000018ea668a5e8} 'nGetForegroundDrawList' '()J' in 'imgui/ImGui'
RCX=0x0000018e372fd8f8 points into unknown readable memory: 0x0000018eaa6f37f0 | f0 37 6f aa 8e 01 00 00
RDX=0x0000000000000001 is an unknown value
RSP=0x0000005ca65ff2d8 is pointing into the stack for thread: 0x0000018e372fd640
RBP=0x0000005ca65ff348 is pointing into the stack for thread: 0x0000018e372fd640
RSI=0x0000018ea6e1cd88 is pointing into metadata
RDI=0x0 is NULL
R8 =0x00007fffc20da05a imgui-java64.dll
R9 =0x0000000000000002 is an unknown value
R10=0x0000018e4629d6b2 is at code_begin+946 in an Interpreter codelet
method entry point (kind = native)  [0x0000018e4629d300, 0x0000018e4629dc80]  2432 bytes
R11=0x00000006204c2a48 is an oop: java.lang.Class 
{0x00000006204c2a48} - klass: 'java/lang/Class'
 - ---- fields (total size 24 words):
 - private volatile transient 'classRedefinedCount' 'I' @12  0
 - private volatile transient 'cachedConstructor' 'Ljava/lang/reflect/Constructor;' @40  NULL (0)
 - private transient 'name' 'Ljava/lang/String;' @44  "imgui.ImGui"{0x00000006204c38f0} (c409871e)
 - private transient 'module' 'Ljava/lang/Module;' @48  a 'java/lang/Module'{0x00000006038a4428} (c0714885)
 - private final 'classLoader' 'Ljava/lang/ClassLoader;' @52  a 'jdk/internal/loader/ClassLoaders$AppClassLoader'{0x000000060388f8f8} (c0711f1f)
 - private transient 'classData' 'Ljava/lang/Object;' @56  NULL (0)
 - private transient 'packageName' 'Ljava/lang/String;' @60  "imgui"{0x00000006039ce640} (c0739cc8)
 - private final 'componentType' 'Ljava/lang/Class;' @64  NULL (0)
 - private volatile transient 'reflectionData' 'Ljava/lang/ref/SoftReference;' @68  NULL (0)
 - private volatile transient 'genericInfo' 'Lsun/reflect/generics/repository/ClassRepository;' @72  NULL (0)
 - private volatile transient 'enumConstants' '[Ljava/lang/Object;' @76  NULL (0)
 - private volatile transient 'enumConstantDirectory' 'Ljava/util/Map;' @80  NULL (0)
 - private volatile transient 'annotationData' 'Ljava/lang/Class$AnnotationData;' @84  NULL (0)
 - private volatile transient 'annotationType' 'Lsun/reflect/annotation/AnnotationType;' @88  NULL (0)
 - transient 'classValueMap' 'Ljava/lang/ClassValue$ClassValueMap;' @92  NULL (0)
 - signature: Limgui/ImGui;
 - fake entry for mirror: 'imgui/ImGui'
 - fake entry for array: NULL
 - fake entry for oop_size: 24
 - fake entry for static_oop_field_count: 19
 - private static final 'LIB_PATH_PROP' 'Ljava/lang/String;' @112  "imgui.library.path"{0x00000006204c3470} (c409868e)
 - private static final 'LIB_NAME_PROP' 'Ljava/lang/String;' @116  "imgui.library.name"{0x00000006204c3630} (c40986c6)
 - private static final 'LIB_NAME_DEFAULT' 'Ljava/lang/String;' @120  "imgui-java64"{0x00000006204c34b0} (c4098696)
 - private static final 'LIB_TMP_DIR_PREFIX' 'Ljava/lang/String;' @124  "imgui-java-natives"{0x00000006204c3570} (c40986ae)
 - private static final 'IMGUI_CONTEXT' 'Limgui/internal/ImGuiContext;' @128  a 'imgui/internal/ImGuiContext'{0x00000006204c38d8} (c409871b)
 - private static final 'IMGUI_IO' 'Limgui/ImGuiIO;' @132  a 'imgui/ImGuiIO'{0x000000062049e238} (c4093c47)
 - private static final 'WINDOW_DRAW_LIST' 'Limgui/ImDrawList;' @136  a 'imgui/ImDrawList'{0x00000006204c38c0} (c4098718)
 - private static final 'BACKGROUND_DRAW_LIST' 'Limgui/ImDrawList;' @140  a 'imgui/ImDrawList'{0x00000006204c38a8} (c4098715)
 - private static final 'FOREGROUND_DRAW_LIST' 'Limgui/ImDrawList;' @144  a 'imgui/ImDrawList'{0x00000006204c3890} (c4098712)
 - private static final 'IMGUI_STORAGE' 'Limgui/ImGuiStorage;' @148  a 'imgui/ImGuiStorage'{0x00000006204c3878} (c409870f)
 - private static final 'WINDOW_VIEWPORT' 'Limgui/ImGuiViewport;' @152  a 'imgui/ImGuiViewport'{0x00000006204c3860} (c409870c)
 - private static final 'FIND_VIEWPORT' 'Limgui/ImGuiViewport;' @156  a 'imgui/ImGuiViewport'{0x00000006204c3848} (c4098709)
 - private static final 'DRAW_DATA' 'Limgui/ImDrawData;' @160  a 'imgui/ImDrawData'{0x00000006204c3830} (c4098706)
 - private static final 'FONT' 'Limgui/ImFont;' @164  a 'imgui/ImFont'{0x00000006204c37e0} (c40986fc)
 - private static final 'STYLE' 'Limgui/ImGuiStyle;' @168  a 'imgui/ImGuiStyle'{0x00000006204c37c8} (c40986f9)
 - private static final 'MAIN_VIEWPORT' 'Limgui/ImGuiViewport;' @172  a 'imgui/ImGuiViewport'{0x00000006204c37b0} (c40986f6)
 - private static final 'PLATFORM_IO' 'Limgui/ImGuiPlatformIO;' @176  a 'imgui/ImGuiPlatformIO'{0x00000006204c3798} (c40986f3)
 - private static 'payloadRef' 'Ljava/lang/ref/WeakReference;' @180  NULL (0)
 - private static final 'PAYLOAD_PLACEHOLDER_DATA' '[B' @184  [B{0x00000006204c3780} (c40986f0)
R12=0x0 is NULL
R13={method} {0x0000018ea668a5e8} 'nGetForegroundDrawList' '()J' in 'imgui/ImGui'
R14=0x0000005ca65ff360 is pointing into the stack for thread: 0x0000018e372fd640
R15=0x0000018e372fd640 is a thread


Top of Stack: (sp=0x0000005ca65ff2d8)
0x0000005ca65ff2d8:   0000018e4629d6e1 0000018ea668a558
0x0000005ca65ff2e8:   0000018e372fd640 0000018e372fd640
0x0000005ca65ff2f8:   0000018e4629d3b6 0000005ca65ff300
0x0000005ca65ff308:   0000018ea668a5e0 0000005ca65ff360
0x0000005ca65ff318:   0000018ea6690000 0000000000000000
0x0000005ca65ff328:   00000006204c2a48 0000018ea668a5e0
0x0000005ca65ff338:   0000000000000000 0000005ca65ff368
0x0000005ca65ff348:   0000005ca65ff3b8 0000018e462995ef
0x0000005ca65ff358:   00000006204c2a48 0000018e4629aff7
0x0000005ca65ff368:   00000006204c3890 0000005ca65ff370
0x0000005ca65ff378:   0000018ea668a543 0000005ca65ff3c0
0x0000005ca65ff388:   0000018ea6690000 0000000000000000
0x0000005ca65ff398:   00000006204c2a48 0000018ea668a558
0x0000005ca65ff3a8:   0000005ca65ff368 0000005ca65ff3c8
0x0000005ca65ff3b8:   0000005ca65ff410 0000018e46299679
0x0000005ca65ff3c8:   0000005ca65ff3c8 0000018ea64060ef
0x0000005ca65ff3d8:   0000005ca65ff468 0000018ea6e09460
0x0000005ca65ff3e8:   0000000000000000 000000060399d738
0x0000005ca65ff3f8:   0000018ea64061d8 0000005ca65ff3c8
0x0000005ca65ff408:   0000005ca65ff450 0000005ca65ff4b8
0x0000005ca65ff418:   0000018e46299520 0000000000000000
0x0000005ca65ff428:   00000000ffffff20 0000000000000220
0x0000005ca65ff438:   0000000000000025 000000000000001b
0x0000005ca65ff448:   0000000000000000 0000000000000000
0x0000005ca65ff458:   0000000000000000 00000006038aac50
0x0000005ca65ff468:   00000006219d3ff0 0000005ca65ff470
0x0000005ca65ff478:   0000018ea64035e1 0000005ca65ff500
0x0000005ca65ff488:   0000018ea6e09460 0000000000000000
0x0000005ca65ff498:   000000060399d738 0000018ea6405be0
0x0000005ca65ff4a8:   0000005ca65ff450 0000005ca65ff4e0
0x0000005ca65ff4b8:   0000005ca65ff550 0000018e46299520
0x0000005ca65ff4c8:   0000000000000058 000000000000004a 

Instructions: (pc=0x00007fffc1c3dcda)
0x00007fffc1c3dbda:   1f 80 00 00 00 00 48 8b 83 48 1f 00 00 48 8b 10
0x00007fffc1c3dbea:   31 c0 80 ba a0 00 00 00 00 74 07 48 8d 82 a0 00
0x00007fffc1c3dbfa:   00 00 48 83 c4 20 5b c3 66 0f 1f 44 00 00 41 b8
0x00007fffc1c3dc0a:   06 07 00 00 48 8d 15 ae b4 49 00 48 8d 0d be b4
0x00007fffc1c3dc1a:   49 00 ff 15 0e 1b d9 00 eb bc 0f 1f 40 00 4c 8d
0x00007fffc1c3dc2a:   05 94 b4 49 00 ba 06 07 00 00 48 8d 0d 9f b4 49
0x00007fffc1c3dc3a:   00 e8 70 e2 16 00 eb 9e 66 66 2e 0f 1f 84 00 00
0x00007fffc1c3dc4a:   00 00 00 0f 1f 00 48 8b 05 f1 34 54 00 f2 0f 10
0x00007fffc1c3dc5a:   80 a0 1c 00 00 c3 48 8b 05 e1 34 54 00 8b 80 a8
0x00007fffc1c3dc6a:   1c 00 00 c3 66 90 4c 8d 05 d6 c3 49 00 31 d2 e9
0x00007fffc1c3dc7a:   42 48 ff ff 66 90 48 8b 05 c1 34 54 00 4c 8d 05
0x00007fffc1c3dc8a:   bf c3 49 00 31 d2 48 8b 80 28 1d 00 00 48 8b 48
0x00007fffc1c3dc9a:   30 e9 20 48 ff ff 4c 8d 05 b3 c3 49 00 ba 01 00
0x00007fffc1c3dcaa:   00 00 e9 0f 48 ff ff 66 66 2e 0f 1f 84 00 00 00
0x00007fffc1c3dcba:   00 00 0f 1f 40 00 48 8b 05 81 34 54 00 4c 8d 05
0x00007fffc1c3dcca:   8c c3 49 00 ba 01 00 00 00 48 8b 80 28 1d 00 00
0x00007fffc1c3dcda:   48 8b 48 30 e9 dd 47 ff ff 66 66 2e 0f 1f 84 00
0x00007fffc1c3dcea:   00 00 00 00 66 90 48 8b 05 51 34 54 00 48 05 a0
0x00007fffc1c3dcfa:   1a 00 00 c3 66 90 41 57 41 56 41 55 41 54 55 57
0x00007fffc1c3dd0a:   56 53 48 83 ec 78 0f 11 74 24 30 0f 11 7c 24 40
0x00007fffc1c3dd1a:   44 0f 11 44 24 50 44 0f 11 4c 24 60 48 8b 1d 1b
0x00007fffc1c3dd2a:   34 54 00 f3 0f 10 b3 b8 16 00 00 0f 2f 35 fc 2d
0x00007fffc1c3dd3a:   4a 00 0f 10 ce 73 08 f3 0f 10 0d ef 2d 4a 00 f3
0x00007fffc1c3dd4a:   0f 10 bb b4 16 00 00 0f 2f 3d e0 2d 4a 00 0f 10
0x00007fffc1c3dd5a:   c7 73 08 f3 0f 10 05 d3 2d 4a 00 48 8b 93 48 1d
0x00007fffc1c3dd6a:   00 00 f3 0f 11 83 1c 1d 00 00 f3 0f 11 8b 20 1d
0x00007fffc1c3dd7a:   00 00 48 85 d2 0f 84 0b 01 00 00 48 8b 83 60 1f
0x00007fffc1c3dd8a:   00 00 f6 42 0d 02 49 89 d4 4c 8b 72 30 48 89 42
0x00007fffc1c3dd9a:   30 f3 44 0f 10 83 b8 16 00 00 f3 44 0f 10 8b b4
0x00007fffc1c3ddaa:   16 00 00 0f 85 e8 00 00 00 80 bb d4 00 00 00 00
0x00007fffc1c3ddba:   74 08 44 0f 10 c1 44 0f 10 c8 8b 83 c8 1c 00 00
0x00007fffc1c3ddca:   89 c7 83 ef 01 0f 88 1a 02 00 00 4c 8b 2d 54 19 


Stack slot to memory mapping:
stack at sp + 0 slots: 0x0000018e4629d6e1 is at code_begin+993 in an Interpreter codelet
method entry point (kind = native)  [0x0000018e4629d300, 0x0000018e4629dc80]  2432 bytes
stack at sp + 1 slots: {method} {0x0000018ea668a560} 'getForegroundDrawList' '()Limgui/ImDrawList;' in 'imgui/ImGui'
stack at sp + 2 slots: 0x0000018e372fd640 is a thread
stack at sp + 3 slots: 0x0000018e372fd640 is a thread
stack at sp + 4 slots: 0x0000018e4629d3b6 is at code_begin+182 in an Interpreter codelet
method entry point (kind = native)  [0x0000018e4629d300, 0x0000018e4629dc80]  2432 bytes
stack at sp + 5 slots: 0x0000005ca65ff300 is pointing into the stack for thread: 0x0000018e372fd640
stack at sp + 6 slots: {method} {0x0000018ea668a5e8} 'nGetForegroundDrawList' '()J' in 'imgui/ImGui'
stack at sp + 7 slots: 0x0000005ca65ff360 is pointing into the stack for thread: 0x0000018e372fd640


---------------  P R O C E S S  ---------------

Threads class SMR info:
_java_thread_list=0x0000018eb2dcc960, length=23, elements={
0x0000018e372fd640, 0x0000018e61733b80, 0x0000018e617352b0, 0x0000018e61745280,
0x0000018e61749d60, 0x0000018e6174b290, 0x0000018e6174c7c0, 0x0000018e617520e0,
0x0000018e645d3750, 0x0000018e646047d0, 0x0000018e646a5570, 0x0000018e64764f70,
0x0000018e64775ce0, 0x0000018eaa861540, 0x0000018eaa50cec0, 0x0000018eab7548b0,
0x0000018eab7cde20, 0x0000018eb3e0d7f0, 0x0000018eb3cf13c0, 0x0000018eb3cb6d40,
0x0000018eb40422c0, 0x0000018eb4041390, 0x0000018eb40427d0
}

Java Threads: ( => current thread )
=>0x0000018e372fd640 JavaThread "main" [_thread_in_native, id=18656, stack(0x0000005ca6500000,0x0000005ca6600000)]
  0x0000018e61733b80 JavaThread "Reference Handler" daemon [_thread_blocked, id=20920, stack(0x0000005ca6c00000,0x0000005ca6d00000)]
  0x0000018e617352b0 JavaThread "Finalizer" daemon [_thread_blocked, id=23480, stack(0x0000005ca6d00000,0x0000005ca6e00000)]
  0x0000018e61745280 JavaThread "Signal Dispatcher" daemon [_thread_blocked, id=25264, stack(0x0000005ca6e00000,0x0000005ca6f00000)]
  0x0000018e61749d60 JavaThread "Attach Listener" daemon [_thread_blocked, id=3384, stack(0x0000005ca6f00000,0x0000005ca7000000)]
  0x0000018e6174b290 JavaThread "Service Thread" daemon [_thread_blocked, id=22188, stack(0x0000005ca7000000,0x0000005ca7100000)]
  0x0000018e6174c7c0 JavaThread "Monitor Deflation Thread" daemon [_thread_blocked, id=23028, stack(0x0000005ca7100000,0x0000005ca7200000)]
  0x0000018e617520e0 JavaThread "C2 CompilerThread0" daemon [_thread_blocked, id=15628, stack(0x0000005ca7200000,0x0000005ca7300000)]
  0x0000018e645d3750 JavaThread "C1 CompilerThread0" daemon [_thread_blocked, id=24684, stack(0x0000005ca7300000,0x0000005ca7400000)]
  0x0000018e646047d0 JavaThread "Sweeper thread" daemon [_thread_blocked, id=19336, stack(0x0000005ca7400000,0x0000005ca7500000)]
  0x0000018e646a5570 JavaThread "C1 CompilerThread1" daemon [_thread_blocked, id=23148, stack(0x0000005ca7500000,0x0000005ca7600000)]
  0x0000018e64764f70 JavaThread "Notification Thread" daemon [_thread_blocked, id=20692, stack(0x0000005ca7600000,0x0000005ca7700000)]
  0x0000018e64775ce0 JavaThread "Common-Cleaner" daemon [_thread_blocked, id=5772, stack(0x0000005ca7800000,0x0000005ca7900000)]
  0x0000018eaa861540 JavaThread "C1 CompilerThread2" daemon [_thread_blocked, id=17608, stack(0x0000005ca8000000,0x0000005ca8100000)]
  0x0000018eaa50cec0 JavaThread "C1 CompilerThread3" daemon [_thread_blocked, id=1740, stack(0x0000005ca8100000,0x0000005ca8200000)]
  0x0000018eab7548b0 JavaThread "Java2D Disposer" daemon [_thread_blocked, id=24364, stack(0x0000005ca7c00000,0x0000005ca7d00000)]
  0x0000018eab7cde20 JavaThread "AWT-Shutdown" [_thread_blocked, id=8784, stack(0x0000005ca7d00000,0x0000005ca7e00000)]
  0x0000018eb3e0d7f0 JavaThread "AWT-Windows" daemon [_thread_in_native, id=24496, stack(0x0000005ca7e00000,0x0000005ca7f00000)]
  0x0000018eb3cf13c0 JavaThread "Image Fetcher 0" daemon [_thread_blocked, id=21748, stack(0x0000005ca7f00000,0x0000005ca8000000)]
  0x0000018eb3cb6d40 JavaThread "AWT-EventQueue-0" [_thread_blocked, id=23420, stack(0x0000005ca9800000,0x0000005ca9900000)]
  0x0000018eb40422c0 JavaThread "Swing-Shell" daemon [_thread_blocked, id=20140, stack(0x0000005ca9900000,0x0000005ca9a00000)]
  0x0000018eb4041390 JavaThread "D3D Screen Updater" daemon [_thread_blocked, id=1816, stack(0x0000005ca9f00000,0x0000005caa000000)]
  0x0000018eb40427d0 JavaThread "TimerQueue" daemon [_thread_blocked, id=25552, stack(0x0000005ca9d00000,0x0000005ca9e00000)]

Other Threads:
  0x0000018e6172bac0 VMThread "VM Thread" [stack: 0x0000005ca6b00000,0x0000005ca6c00000] [id=23488]
  0x0000018e64765a60 WatcherThread [stack: 0x0000005ca7700000,0x0000005ca7800000] [id=19308]
  0x0000018e373ad2a0 GCTaskThread "GC Thread#0" [stack: 0x0000005ca6600000,0x0000005ca6700000] [id=24332]
  0x0000018eaa47b540 GCTaskThread "GC Thread#1" [stack: 0x0000005ca8200000,0x0000005ca8300000] [id=5656]
  0x0000018eaa65d430 GCTaskThread "GC Thread#2" [stack: 0x0000005ca8300000,0x0000005ca8400000] [id=24716]
  0x0000018eaa862f30 GCTaskThread "GC Thread#3" [stack: 0x0000005ca8400000,0x0000005ca8500000] [id=24344]
  0x0000018eaa8631f0 GCTaskThread "GC Thread#4" [stack: 0x0000005ca8500000,0x0000005ca8600000] [id=1144]
  0x0000018eaa6a4a80 GCTaskThread "GC Thread#5" [stack: 0x0000005ca8600000,0x0000005ca8700000] [id=20168]
  0x0000018eaa6a4d40 GCTaskThread "GC Thread#6" [stack: 0x0000005ca8700000,0x0000005ca8800000] [id=20916]
  0x0000018eaa6a5000 GCTaskThread "GC Thread#7" [stack: 0x0000005ca8800000,0x0000005ca8900000] [id=20336]
  0x0000018eaa604f40 GCTaskThread "GC Thread#8" [stack: 0x0000005ca8900000,0x0000005ca8a00000] [id=23896]
  0x0000018eaa605200 GCTaskThread "GC Thread#9" [stack: 0x0000005ca8a00000,0x0000005ca8b00000] [id=15824]
  0x0000018eaa6054c0 GCTaskThread "GC Thread#10" [stack: 0x0000005ca8b00000,0x0000005ca8c00000] [id=24864]
  0x0000018eaa4e0ab0 GCTaskThread "GC Thread#11" [stack: 0x0000005ca8c00000,0x0000005ca8d00000] [id=23092]
  0x0000018eaa4e2630 GCTaskThread "GC Thread#12" [stack: 0x0000005ca9e00000,0x0000005ca9f00000] [id=22352]
  0x0000018e373adf80 ConcurrentGCThread "G1 Main Marker" [stack: 0x0000005ca6700000,0x0000005ca6800000] [id=21952]
  0x0000018e373ae8b0 ConcurrentGCThread "G1 Conc#0" [stack: 0x0000005ca6800000,0x0000005ca6900000] [id=25568]
  0x0000018e616624f0 ConcurrentGCThread "G1 Refine#0" [stack: 0x0000005ca6900000,0x0000005ca6a00000] [id=21540]
  0x0000018eaad29fa0 ConcurrentGCThread "G1 Refine#1" [stack: 0x0000005ca8d00000,0x0000005ca8e00000] [id=23984]
  0x0000018eaa6e5fa0 ConcurrentGCThread "G1 Refine#2" [stack: 0x0000005ca8e00000,0x0000005ca8f00000] [id=23052]
  0x0000018eaa605780 ConcurrentGCThread "G1 Refine#3" [stack: 0x0000005ca8f00000,0x0000005ca9000000] [id=22644]
  0x0000018eaa606290 ConcurrentGCThread "G1 Refine#4" [stack: 0x0000005ca9000000,0x0000005ca9100000] [id=2344]
  0x0000018e61662f20 ConcurrentGCThread "G1 Service" [stack: 0x0000005ca6a00000,0x0000005ca6b00000] [id=17728]

Threads with active compile tasks:

VM state: not at safepoint (normal execution)

VM Mutex/Monitor currently owned by a thread: None

Heap address: 0x0000000602800000, size: 8152 MB, Compressed Oops mode: Zero based, Oop shift amount: 3

CDS archive(s) mapped at: [0x0000018e65000000-0x0000018e65bb0000-0x0000018e65bb0000), size 12255232, SharedBaseAddress: 0x0000018e65000000, ArchiveRelocationMode: 1.
Compressed class space mapped at: 0x0000018e66000000-0x0000018ea6000000, reserved size: 1073741824
Narrow klass base: 0x0000018e65000000, Narrow klass shift: 0, Narrow klass range: 0x100000000

GC Precious Log:
 CPUs: 16 total, 16 available
 Memory: 32606M
 Large Page Support: Disabled
 NUMA Support: Disabled
 Compressed Oops: Enabled (Zero based)
 Heap Region Size: 4M
 Heap Min Capacity: 8M
 Heap Initial Capacity: 512M
 Heap Max Capacity: 8152M
 Pre-touch: Disabled
 Parallel Workers: 13
 Concurrent Workers: 3
 Concurrent Refinement Workers: 13
 Periodic GC: Disabled

Heap:
 garbage-first heap   total 524288K, used 57619K [0x0000000602800000, 0x0000000800000000)
  region size 4096K, 11 young (45056K), 1 survivors (4096K)
 Metaspace       used 17643K, committed 17984K, reserved 1114112K
  class space    used 1825K, committed 1984K, reserved 1048576K

Heap Regions: E=young(eden), S=young(survivor), O=old, HS=humongous(starts), HC=humongous(continues), CS=collection set, F=free, OA=open archive, CA=closed archive, TAMS=top-at-mark-start (previous, next)
|   0|0x0000000602800000, 0x0000000602c00000, 0x0000000602c00000|100%| O|  |TAMS 0x0000000602800000, 0x0000000602800000| Untracked 
|   1|0x0000000602c00000, 0x0000000603000000, 0x0000000603000000|100%| O|  |TAMS 0x0000000602c00000, 0x0000000602c00000| Untracked 
|   2|0x0000000603000000, 0x0000000603400000, 0x0000000603400000|100%| O|  |TAMS 0x0000000603000000, 0x0000000603000000| Untracked 
|   3|0x0000000603400000, 0x0000000603400000, 0x0000000603800000|  0%| F|  |TAMS 0x0000000603400000, 0x0000000603400000| Untracked 
|   4|0x0000000603800000, 0x0000000603c00000, 0x0000000603c00000|100%| O|  |TAMS 0x0000000603800000, 0x0000000603800000| Untracked 
|   5|0x0000000603c00000, 0x0000000604000000, 0x0000000604000000|100%| O|  |TAMS 0x0000000603c00000, 0x0000000603c00000| Untracked 
|   6|0x0000000604000000, 0x0000000604000000, 0x0000000604400000|  0%| F|  |TAMS 0x0000000604000000, 0x0000000604000000| Untracked 
|   7|0x0000000604400000, 0x0000000604400000, 0x0000000604800000|  0%| F|  |TAMS 0x0000000604400000, 0x0000000604400000| Untracked 
|   8|0x0000000604800000, 0x0000000604844c00, 0x0000000604c00000|  6%| O|  |TAMS 0x0000000604800000, 0x0000000604800000| Untracked 
|   9|0x0000000604c00000, 0x0000000604c00000, 0x0000000605000000|  0%| F|  |TAMS 0x0000000604c00000, 0x0000000604c00000| Untracked 
|  10|0x0000000605000000, 0x0000000605000000, 0x0000000605400000|  0%| F|  |TAMS 0x0000000605000000, 0x0000000605000000| Untracked 
|  11|0x0000000605400000, 0x0000000605400000, 0x0000000605800000|  0%| F|  |TAMS 0x0000000605400000, 0x0000000605400000| Untracked 
|  12|0x0000000605800000, 0x0000000605800000, 0x0000000605c00000|  0%| F|  |TAMS 0x0000000605800000, 0x0000000605800000| Untracked 
|  13|0x0000000605c00000, 0x0000000605c00000, 0x0000000606000000|  0%| F|  |TAMS 0x0000000605c00000, 0x0000000605c00000| Untracked 
|  14|0x0000000606000000, 0x0000000606000000, 0x0000000606400000|  0%| F|  |TAMS 0x0000000606000000, 0x0000000606000000| Untracked 
|  15|0x0000000606400000, 0x0000000606400000, 0x0000000606800000|  0%| F|  |TAMS 0x0000000606400000, 0x0000000606400000| Untracked 
|  16|0x0000000606800000, 0x0000000606800000, 0x0000000606c00000|  0%| F|  |TAMS 0x0000000606800000, 0x0000000606800000| Untracked 
|  17|0x0000000606c00000, 0x0000000606c00000, 0x0000000607000000|  0%| F|  |TAMS 0x0000000606c00000, 0x0000000606c00000| Untracked 
|  18|0x0000000607000000, 0x0000000607000000, 0x0000000607400000|  0%| F|  |TAMS 0x0000000607000000, 0x0000000607000000| Untracked 
|  19|0x0000000607400000, 0x0000000607400000, 0x0000000607800000|  0%| F|  |TAMS 0x0000000607400000, 0x0000000607400000| Untracked 
|  20|0x0000000607800000, 0x0000000607800000, 0x0000000607c00000|  0%| F|  |TAMS 0x0000000607800000, 0x0000000607800000| Untracked 
|  21|0x0000000607c00000, 0x0000000607c00000, 0x0000000608000000|  0%| F|  |TAMS 0x0000000607c00000, 0x0000000607c00000| Untracked 
|  22|0x0000000608000000, 0x0000000608000000, 0x0000000608400000|  0%| F|  |TAMS 0x0000000608000000, 0x0000000608000000| Untracked 
|  23|0x0000000608400000, 0x0000000608400000, 0x0000000608800000|  0%| F|  |TAMS 0x0000000608400000, 0x0000000608400000| Untracked 
|  24|0x0000000608800000, 0x0000000608800000, 0x0000000608c00000|  0%| F|  |TAMS 0x0000000608800000, 0x0000000608800000| Untracked 
|  25|0x0000000608c00000, 0x0000000608c00000, 0x0000000609000000|  0%| F|  |TAMS 0x0000000608c00000, 0x0000000608c00000| Untracked 
|  26|0x0000000609000000, 0x0000000609000000, 0x0000000609400000|  0%| F|  |TAMS 0x0000000609000000, 0x0000000609000000| Untracked 
|  27|0x0000000609400000, 0x0000000609400000, 0x0000000609800000|  0%| F|  |TAMS 0x0000000609400000, 0x0000000609400000| Untracked 
|  28|0x0000000609800000, 0x0000000609800000, 0x0000000609c00000|  0%| F|  |TAMS 0x0000000609800000, 0x0000000609800000| Untracked 
|  29|0x0000000609c00000, 0x0000000609c00000, 0x000000060a000000|  0%| F|  |TAMS 0x0000000609c00000, 0x0000000609c00000| Untracked 
|  30|0x000000060a000000, 0x000000060a000000, 0x000000060a400000|  0%| F|  |TAMS 0x000000060a000000, 0x000000060a000000| Untracked 
|  31|0x000000060a400000, 0x000000060a400000, 0x000000060a800000|  0%| F|  |TAMS 0x000000060a400000, 0x000000060a400000| Untracked 
|  32|0x000000060a800000, 0x000000060a800000, 0x000000060ac00000|  0%| F|  |TAMS 0x000000060a800000, 0x000000060a800000| Untracked 
|  33|0x000000060ac00000, 0x000000060ac00000, 0x000000060b000000|  0%| F|  |TAMS 0x000000060ac00000, 0x000000060ac00000| Untracked 
|  34|0x000000060b000000, 0x000000060b000000, 0x000000060b400000|  0%| F|  |TAMS 0x000000060b000000, 0x000000060b000000| Untracked 
|  35|0x000000060b400000, 0x000000060b400000, 0x000000060b800000|  0%| F|  |TAMS 0x000000060b400000, 0x000000060b400000| Untracked 
|  36|0x000000060b800000, 0x000000060b800000, 0x000000060bc00000|  0%| F|  |TAMS 0x000000060b800000, 0x000000060b800000| Untracked 
|  37|0x000000060bc00000, 0x000000060bc00000, 0x000000060c000000|  0%| F|  |TAMS 0x000000060bc00000, 0x000000060bc00000| Untracked 
|  38|0x000000060c000000, 0x000000060c000000, 0x000000060c400000|  0%| F|  |TAMS 0x000000060c000000, 0x000000060c000000| Untracked 
|  39|0x000000060c400000, 0x000000060c400000, 0x000000060c800000|  0%| F|  |TAMS 0x000000060c400000, 0x000000060c400000| Untracked 
|  40|0x000000060c800000, 0x000000060c800000, 0x000000060cc00000|  0%| F|  |TAMS 0x000000060c800000, 0x000000060c800000| Untracked 
|  41|0x000000060cc00000, 0x000000060cc00000, 0x000000060d000000|  0%| F|  |TAMS 0x000000060cc00000, 0x000000060cc00000| Untracked 
|  42|0x000000060d000000, 0x000000060d000000, 0x000000060d400000|  0%| F|  |TAMS 0x000000060d000000, 0x000000060d000000| Untracked 
|  43|0x000000060d400000, 0x000000060d400000, 0x000000060d800000|  0%| F|  |TAMS 0x000000060d400000, 0x000000060d400000| Untracked 
|  44|0x000000060d800000, 0x000000060d800000, 0x000000060dc00000|  0%| F|  |TAMS 0x000000060d800000, 0x000000060d800000| Untracked 
|  45|0x000000060dc00000, 0x000000060dc00000, 0x000000060e000000|  0%| F|  |TAMS 0x000000060dc00000, 0x000000060dc00000| Untracked 
|  46|0x000000060e000000, 0x000000060e000000, 0x000000060e400000|  0%| F|  |TAMS 0x000000060e000000, 0x000000060e000000| Untracked 
|  47|0x000000060e400000, 0x000000060e400000, 0x000000060e800000|  0%| F|  |TAMS 0x000000060e400000, 0x000000060e400000| Untracked 
|  48|0x000000060e800000, 0x000000060e800000, 0x000000060ec00000|  0%| F|  |TAMS 0x000000060e800000, 0x000000060e800000| Untracked 
|  49|0x000000060ec00000, 0x000000060ec00000, 0x000000060f000000|  0%| F|  |TAMS 0x000000060ec00000, 0x000000060ec00000| Untracked 
|  50|0x000000060f000000, 0x000000060f000000, 0x000000060f400000|  0%| F|  |TAMS 0x000000060f000000, 0x000000060f000000| Untracked 
|  51|0x000000060f400000, 0x000000060f400000, 0x000000060f800000|  0%| F|  |TAMS 0x000000060f400000, 0x000000060f400000| Untracked 
|  52|0x000000060f800000, 0x000000060f800000, 0x000000060fc00000|  0%| F|  |TAMS 0x000000060f800000, 0x000000060f800000| Untracked 
|  53|0x000000060fc00000, 0x000000060fc00000, 0x0000000610000000|  0%| F|  |TAMS 0x000000060fc00000, 0x000000060fc00000| Untracked 
|  54|0x0000000610000000, 0x0000000610000000, 0x0000000610400000|  0%| F|  |TAMS 0x0000000610000000, 0x0000000610000000| Untracked 
|  55|0x0000000610400000, 0x0000000610400000, 0x0000000610800000|  0%| F|  |TAMS 0x0000000610400000, 0x0000000610400000| Untracked 
|  56|0x0000000610800000, 0x0000000610800000, 0x0000000610c00000|  0%| F|  |TAMS 0x0000000610800000, 0x0000000610800000| Untracked 
|  57|0x0000000610c00000, 0x0000000610c00000, 0x0000000611000000|  0%| F|  |TAMS 0x0000000610c00000, 0x0000000610c00000| Untracked 
|  58|0x0000000611000000, 0x0000000611000000, 0x0000000611400000|  0%| F|  |TAMS 0x0000000611000000, 0x0000000611000000| Untracked 
|  59|0x0000000611400000, 0x0000000611400000, 0x0000000611800000|  0%| F|  |TAMS 0x0000000611400000, 0x0000000611400000| Untracked 
|  60|0x0000000611800000, 0x0000000611800000, 0x0000000611c00000|  0%| F|  |TAMS 0x0000000611800000, 0x0000000611800000| Untracked 
|  61|0x0000000611c00000, 0x0000000611c00000, 0x0000000612000000|  0%| F|  |TAMS 0x0000000611c00000, 0x0000000611c00000| Untracked 
|  62|0x0000000612000000, 0x0000000612000000, 0x0000000612400000|  0%| F|  |TAMS 0x0000000612000000, 0x0000000612000000| Untracked 
|  63|0x0000000612400000, 0x0000000612400000, 0x0000000612800000|  0%| F|  |TAMS 0x0000000612400000, 0x0000000612400000| Untracked 
|  64|0x0000000612800000, 0x0000000612800000, 0x0000000612c00000|  0%| F|  |TAMS 0x0000000612800000, 0x0000000612800000| Untracked 
|  65|0x0000000612c00000, 0x0000000612c00000, 0x0000000613000000|  0%| F|  |TAMS 0x0000000612c00000, 0x0000000612c00000| Untracked 
|  66|0x0000000613000000, 0x0000000613000000, 0x0000000613400000|  0%| F|  |TAMS 0x0000000613000000, 0x0000000613000000| Untracked 
|  67|0x0000000613400000, 0x0000000613400000, 0x0000000613800000|  0%| F|  |TAMS 0x0000000613400000, 0x0000000613400000| Untracked 
|  68|0x0000000613800000, 0x0000000613800000, 0x0000000613c00000|  0%| F|  |TAMS 0x0000000613800000, 0x0000000613800000| Untracked 
|  69|0x0000000613c00000, 0x0000000613c00000, 0x0000000614000000|  0%| F|  |TAMS 0x0000000613c00000, 0x0000000613c00000| Untracked 
|  70|0x0000000614000000, 0x0000000614000000, 0x0000000614400000|  0%| F|  |TAMS 0x0000000614000000, 0x0000000614000000| Untracked 
|  71|0x0000000614400000, 0x0000000614400000, 0x0000000614800000|  0%| F|  |TAMS 0x0000000614400000, 0x0000000614400000| Untracked 
|  72|0x0000000614800000, 0x0000000614800000, 0x0000000614c00000|  0%| F|  |TAMS 0x0000000614800000, 0x0000000614800000| Untracked 
|  73|0x0000000614c00000, 0x0000000614c00000, 0x0000000615000000|  0%| F|  |TAMS 0x0000000614c00000, 0x0000000614c00000| Untracked 
|  74|0x0000000615000000, 0x0000000615000000, 0x0000000615400000|  0%| F|  |TAMS 0x0000000615000000, 0x0000000615000000| Untracked 
|  75|0x0000000615400000, 0x0000000615400000, 0x0000000615800000|  0%| F|  |TAMS 0x0000000615400000, 0x0000000615400000| Untracked 
|  76|0x0000000615800000, 0x0000000615800000, 0x0000000615c00000|  0%| F|  |TAMS 0x0000000615800000, 0x0000000615800000| Untracked 
|  77|0x0000000615c00000, 0x0000000615c00000, 0x0000000616000000|  0%| F|  |TAMS 0x0000000615c00000, 0x0000000615c00000| Untracked 
|  78|0x0000000616000000, 0x0000000616000000, 0x0000000616400000|  0%| F|  |TAMS 0x0000000616000000, 0x0000000616000000| Untracked 
|  79|0x0000000616400000, 0x0000000616400000, 0x0000000616800000|  0%| F|  |TAMS 0x0000000616400000, 0x0000000616400000| Untracked 
|  80|0x0000000616800000, 0x0000000616800000, 0x0000000616c00000|  0%| F|  |TAMS 0x0000000616800000, 0x0000000616800000| Untracked 
|  81|0x0000000616c00000, 0x0000000616c00000, 0x0000000617000000|  0%| F|  |TAMS 0x0000000616c00000, 0x0000000616c00000| Untracked 
|  82|0x0000000617000000, 0x0000000617000000, 0x0000000617400000|  0%| F|  |TAMS 0x0000000617000000, 0x0000000617000000| Untracked 
|  83|0x0000000617400000, 0x0000000617400000, 0x0000000617800000|  0%| F|  |TAMS 0x0000000617400000, 0x0000000617400000| Untracked 
|  84|0x0000000617800000, 0x0000000617800000, 0x0000000617c00000|  0%| F|  |TAMS 0x0000000617800000, 0x0000000617800000| Untracked 
|  85|0x0000000617c00000, 0x0000000617c00000, 0x0000000618000000|  0%| F|  |TAMS 0x0000000617c00000, 0x0000000617c00000| Untracked 
|  86|0x0000000618000000, 0x0000000618000000, 0x0000000618400000|  0%| F|  |TAMS 0x0000000618000000, 0x0000000618000000| Untracked 
|  87|0x0000000618400000, 0x0000000618400000, 0x0000000618800000|  0%| F|  |TAMS 0x0000000618400000, 0x0000000618400000| Untracked 
|  88|0x0000000618800000, 0x0000000618800000, 0x0000000618c00000|  0%| F|  |TAMS 0x0000000618800000, 0x0000000618800000| Untracked 
|  89|0x0000000618c00000, 0x0000000618c00000, 0x0000000619000000|  0%| F|  |TAMS 0x0000000618c00000, 0x0000000618c00000| Untracked 
|  90|0x0000000619000000, 0x0000000619000000, 0x0000000619400000|  0%| F|  |TAMS 0x0000000619000000, 0x0000000619000000| Untracked 
|  91|0x0000000619400000, 0x0000000619400000, 0x0000000619800000|  0%| F|  |TAMS 0x0000000619400000, 0x0000000619400000| Untracked 
|  92|0x0000000619800000, 0x0000000619800000, 0x0000000619c00000|  0%| F|  |TAMS 0x0000000619800000, 0x0000000619800000| Untracked 
|  93|0x0000000619c00000, 0x0000000619c00000, 0x000000061a000000|  0%| F|  |TAMS 0x0000000619c00000, 0x0000000619c00000| Untracked 
|  94|0x000000061a000000, 0x000000061a000000, 0x000000061a400000|  0%| F|  |TAMS 0x000000061a000000, 0x000000061a000000| Untracked 
|  95|0x000000061a400000, 0x000000061a400000, 0x000000061a800000|  0%| F|  |TAMS 0x000000061a400000, 0x000000061a400000| Untracked 
|  96|0x000000061a800000, 0x000000061a800000, 0x000000061ac00000|  0%| F|  |TAMS 0x000000061a800000, 0x000000061a800000| Untracked 
|  97|0x000000061ac00000, 0x000000061ac00000, 0x000000061b000000|  0%| F|  |TAMS 0x000000061ac00000, 0x000000061ac00000| Untracked 
|  98|0x000000061b000000, 0x000000061b000000, 0x000000061b400000|  0%| F|  |TAMS 0x000000061b000000, 0x000000061b000000| Untracked 
|  99|0x000000061b400000, 0x000000061b400000, 0x000000061b800000|  0%| F|  |TAMS 0x000000061b400000, 0x000000061b400000| Untracked 
| 100|0x000000061b800000, 0x000000061b800000, 0x000000061bc00000|  0%| F|  |TAMS 0x000000061b800000, 0x000000061b800000| Untracked 
| 101|0x000000061bc00000, 0x000000061bc00000, 0x000000061c000000|  0%| F|  |TAMS 0x000000061bc00000, 0x000000061bc00000| Untracked 
| 102|0x000000061c000000, 0x000000061c000000, 0x000000061c400000|  0%| F|  |TAMS 0x000000061c000000, 0x000000061c000000| Untracked 
| 103|0x000000061c400000, 0x000000061c400000, 0x000000061c800000|  0%| F|  |TAMS 0x000000061c400000, 0x000000061c400000| Untracked 
| 104|0x000000061c800000, 0x000000061c800000, 0x000000061cc00000|  0%| F|  |TAMS 0x000000061c800000, 0x000000061c800000| Untracked 
| 105|0x000000061cc00000, 0x000000061cc00000, 0x000000061d000000|  0%| F|  |TAMS 0x000000061cc00000, 0x000000061cc00000| Untracked 
| 106|0x000000061d000000, 0x000000061d000000, 0x000000061d400000|  0%| F|  |TAMS 0x000000061d000000, 0x000000061d000000| Untracked 
| 107|0x000000061d400000, 0x000000061d400000, 0x000000061d800000|  0%| F|  |TAMS 0x000000061d400000, 0x000000061d400000| Untracked 
| 108|0x000000061d800000, 0x000000061d800000, 0x000000061dc00000|  0%| F|  |TAMS 0x000000061d800000, 0x000000061d800000| Untracked 
| 109|0x000000061dc00000, 0x000000061dc00000, 0x000000061e000000|  0%| F|  |TAMS 0x000000061dc00000, 0x000000061dc00000| Untracked 
| 110|0x000000061e000000, 0x000000061e000000, 0x000000061e400000|  0%| F|  |TAMS 0x000000061e000000, 0x000000061e000000| Untracked 
| 111|0x000000061e400000, 0x000000061e400000, 0x000000061e800000|  0%| F|  |TAMS 0x000000061e400000, 0x000000061e400000| Untracked 
| 112|0x000000061e800000, 0x000000061e800000, 0x000000061ec00000|  0%| F|  |TAMS 0x000000061e800000, 0x000000061e800000| Untracked 
| 113|0x000000061ec00000, 0x000000061ec00000, 0x000000061f000000|  0%| F|  |TAMS 0x000000061ec00000, 0x000000061ec00000| Untracked 
| 114|0x000000061f000000, 0x000000061f000000, 0x000000061f400000|  0%| F|  |TAMS 0x000000061f000000, 0x000000061f000000| Untracked 
| 115|0x000000061f400000, 0x000000061f400000, 0x000000061f800000|  0%| F|  |TAMS 0x000000061f400000, 0x000000061f400000| Untracked 
| 116|0x000000061f800000, 0x000000061f800000, 0x000000061fc00000|  0%| F|  |TAMS 0x000000061f800000, 0x000000061f800000| Untracked 
| 117|0x000000061fc00000, 0x000000061fe40010, 0x0000000620000000| 56%| E|  |TAMS 0x000000061fc00000, 0x000000061fc00000| Complete 
| 118|0x0000000620000000, 0x0000000620400000, 0x0000000620400000|100%| E|CS|TAMS 0x0000000620000000, 0x0000000620000000| Complete 
| 119|0x0000000620400000, 0x0000000620800000, 0x0000000620800000|100%| S|CS|TAMS 0x0000000620400000, 0x0000000620400000| Complete 
| 120|0x0000000620800000, 0x0000000620c00000, 0x0000000620c00000|100%| E|CS|TAMS 0x0000000620800000, 0x0000000620800000| Complete 
| 121|0x0000000620c00000, 0x0000000621000000, 0x0000000621000000|100%| E|CS|TAMS 0x0000000620c00000, 0x0000000620c00000| Complete 
| 122|0x0000000621000000, 0x0000000621400000, 0x0000000621400000|100%| E|  |TAMS 0x0000000621000000, 0x0000000621000000| Complete 
| 123|0x0000000621400000, 0x0000000621800000, 0x0000000621800000|100%| E|CS|TAMS 0x0000000621400000, 0x0000000621400000| Complete 
| 124|0x0000000621800000, 0x0000000621c00000, 0x0000000621c00000|100%| E|CS|TAMS 0x0000000621800000, 0x0000000621800000| Complete 
| 125|0x0000000621c00000, 0x0000000622000000, 0x0000000622000000|100%| E|CS|TAMS 0x0000000621c00000, 0x0000000621c00000| Complete 
| 126|0x0000000622000000, 0x0000000622400000, 0x0000000622400000|100%| E|CS|TAMS 0x0000000622000000, 0x0000000622000000| Complete 
| 127|0x0000000622400000, 0x0000000622800000, 0x0000000622800000|100%| E|CS|TAMS 0x0000000622400000, 0x0000000622400000| Complete 

Card table byte_map: [0x0000018e4f6c0000,0x0000018e506b0000] _byte_map_base: 0x0000018e4c6ac000

Marking Bits (Prev, Next): (CMBitMap*) 0x0000018e373ad8c0, (CMBitMap*) 0x0000018e373ad900
 Prev Bits: [0x0000018e516a0000, 0x0000018e59600000)
 Next Bits: [0x0000018e59600000, 0x0000018e61560000)

Polling page: 0x0000018e351b0000

Metaspace:

Usage:
  Non-class:     15.45 MB used.
      Class:      1.78 MB used.
       Both:     17.23 MB used.

Virtual space:
  Non-class space:       64.00 MB reserved,      15.62 MB ( 24%) committed,  1 nodes.
      Class space:        1.00 GB reserved,       1.94 MB ( <1%) committed,  1 nodes.
             Both:        1.06 GB reserved,      17.56 MB (  2%) committed. 

Chunk freelists:
   Non-Class:  369.00 KB
       Class:  14.10 MB
        Both:  14.46 MB

MaxMetaspaceSize: unlimited
CompressedClassSpaceSize: 1.00 GB
Initial GC threshold: 21.00 MB
Current GC threshold: 21.00 MB
CDS: on
MetaspaceReclaimPolicy: balanced
 - commit_granule_bytes: 65536.
 - commit_granule_words: 8192.
 - virtual_space_node_default_size: 8388608.
 - enlarge_chunks_in_place: 1.
 - new_chunks_are_fully_committed: 0.
 - uncommit_free_chunks: 1.
 - use_allocation_guard: 0.
 - handle_deallocations: 1.


Internal statistics:

num_allocs_failed_limit: 0.
num_arena_births: 230.
num_arena_deaths: 0.
num_vsnodes_births: 2.
num_vsnodes_deaths: 0.
num_space_committed: 279.
num_space_uncommitted: 0.
num_chunks_returned_to_freelist: 0.
num_chunks_taken_from_freelist: 463.
num_chunk_merges: 0.
num_chunk_splits: 283.
num_chunks_enlarged: 172.
num_inconsistent_stats: 0.

CodeHeap 'non-profiled nmethods': size=119168Kb used=1160Kb max_used=1160Kb free=118007Kb
 bounds [0x0000018e469e0000, 0x0000018e46c50000, 0x0000018e4de40000]
CodeHeap 'profiled nmethods': size=119104Kb used=5036Kb max_used=5036Kb free=114067Kb
 bounds [0x0000018e3ee40000, 0x0000018e3f330000, 0x0000018e46290000]
CodeHeap 'non-nmethods': size=7488Kb used=3628Kb max_used=3649Kb free=3859Kb
 bounds [0x0000018e46290000, 0x0000018e46630000, 0x0000018e469e0000]
 total_blobs=4369 nmethods=2893 adapters=1385
 compilation: enabled
              stopped_count=0, restarted_count=0
 full_count=0

Compilation events (20 events):
Event: 4.078 Thread 0x0000018e645d3750 2885       3       java.awt.image.ComponentSampleModel::getBufferSize (191 bytes)
Event: 4.078 Thread 0x0000018e645d3750 nmethod 2885 0x0000018e3f328e90 code [0x0000018e3f3290e0, 0x0000018e3f329968]
Event: 4.078 Thread 0x0000018e646a5570 2886       1       org.argentumforge.engine.scenes.Camera::setScreenX (6 bytes)
Event: 4.078 Thread 0x0000018e646a5570 nmethod 2886 0x0000018e46b01090 code [0x0000018e46b01220, 0x0000018e46b012f8]
Event: 4.079 Thread 0x0000018eaa50cec0 2887       3       org.argentumforge.engine.game.Dialogs::renderDialogs (180 bytes)
Event: 4.079 Thread 0x0000018eaa50cec0 nmethod 2887 0x0000018e3f329c10 code [0x0000018e3f329e60, 0x0000018e3f32a548]
Event: 4.079 Thread 0x0000018e646a5570 2888       1       org.argentumforge.engine.scenes.Camera::getMaxY (5 bytes)
Event: 4.079 Thread 0x0000018eaa50cec0 2889       1       org.argentumforge.engine.scenes.Camera::getMinXOffset (5 bytes)
Event: 4.079 Thread 0x0000018eaa861540 2890       1       org.argentumforge.engine.scenes.Camera::getMinX (5 bytes)
Event: 4.079 Thread 0x0000018eaa50cec0 nmethod 2889 0x0000018e46b01390 code [0x0000018e46b01520, 0x0000018e46b015f8]
Event: 4.079 Thread 0x0000018e646a5570 nmethod 2888 0x0000018e46b01690 code [0x0000018e46b01820, 0x0000018e46b018f8]
Event: 4.079 Thread 0x0000018eaa861540 nmethod 2890 0x0000018e46b01990 code [0x0000018e46b01b20, 0x0000018e46b01bf8]
Event: 4.080 Thread 0x0000018eaa50cec0 2891       1       org.argentumforge.engine.utils.inits.MapData::getBlocked (5 bytes)
Event: 4.081 Thread 0x0000018eaa50cec0 nmethod 2891 0x0000018e46b01c90 code [0x0000018e46b01e20, 0x0000018e46b01ef8]
Event: 4.081 Thread 0x0000018eaa861540 2892       3       org.argentumforge.engine.renderer.Drawn::drawGrhIndex (59 bytes)
Event: 4.081 Thread 0x0000018eaa861540 nmethod 2892 0x0000018e3f32a890 code [0x0000018e3f32aa80, 0x0000018e3f32ade8]
Event: 4.081 Thread 0x0000018eaa50cec0 2893       1       org.argentumforge.engine.utils.inits.MapData::getExitMap (5 bytes)
Event: 4.081 Thread 0x0000018eaa50cec0 nmethod 2893 0x0000018e46b01f90 code [0x0000018e46b02120, 0x0000018e46b021f8]
Event: 4.081 Thread 0x0000018eaa861540 2894       3       org.argentumforge.engine.scenes.Camera::incrementScreenY (11 bytes)
Event: 4.081 Thread 0x0000018eaa861540 nmethod 2894 0x0000018e3f32af90 code [0x0000018e3f32b120, 0x0000018e3f32b238]

GC Heap History (6 events):
Event: 0.209 GC heap before
{Heap before GC invocations=0 (full 0):
 garbage-first heap   total 524288K, used 20480K [0x0000000602800000, 0x0000000800000000)
  region size 4096K, 6 young (24576K), 0 survivors (0K)
 Metaspace       used 2306K, committed 2432K, reserved 1114112K
  class space    used 229K, committed 320K, reserved 1048576K
}
Event: 0.214 GC heap after
{Heap after GC invocations=1 (full 0):
 garbage-first heap   total 524288K, used 16114K [0x0000000602800000, 0x0000000800000000)
  region size 4096K, 1 young (4096K), 1 survivors (4096K)
 Metaspace       used 2306K, committed 2432K, reserved 1114112K
  class space    used 229K, committed 320K, reserved 1048576K
}
Event: 1.787 GC heap before
{Heap before GC invocations=1 (full 0):
 garbage-first heap   total 524288K, used 36594K [0x0000000602800000, 0x0000000800000000)
  region size 4096K, 6 young (24576K), 1 survivors (4096K)
 Metaspace       used 9455K, committed 9664K, reserved 1114112K
  class space    used 762K, committed 896K, reserved 1048576K
}
Event: 1.790 GC heap after
{Heap after GC invocations=2 (full 0):
 garbage-first heap   total 524288K, used 22810K [0x0000000602800000, 0x0000000800000000)
  region size 4096K, 1 young (4096K), 1 survivors (4096K)
 Metaspace       used 9455K, committed 9664K, reserved 1114112K
  class space    used 762K, committed 896K, reserved 1048576K
}
Event: 3.919 GC heap before
{Heap before GC invocations=2 (full 0):
 garbage-first heap   total 524288K, used 55578K [0x0000000602800000, 0x0000000800000000)
  region size 4096K, 8 young (32768K), 1 survivors (4096K)
 Metaspace       used 17308K, committed 17600K, reserved 1114112K
  class space    used 1807K, committed 1920K, reserved 1048576K
}
Event: 3.922 GC heap after
{Heap after GC invocations=3 (full 0):
 garbage-first heap   total 524288K, used 24851K [0x0000000602800000, 0x0000000800000000)
  region size 4096K, 1 young (4096K), 1 survivors (4096K)
 Metaspace       used 17308K, committed 17600K, reserved 1114112K
  class space    used 1807K, committed 1920K, reserved 1048576K
}

Dll operation events (17 events):
Event: 0.007 Loaded shared library C:\Users\manue\.jdks\corretto-17.0.16\bin\java.dll
Event: 0.018 Loaded shared library C:\Users\manue\.jdks\corretto-17.0.16\bin\jsvml.dll
Event: 0.047 Loaded shared library C:\Users\manue\.jdks\corretto-17.0.16\bin\net.dll
Event: 0.049 Loaded shared library C:\Users\manue\.jdks\corretto-17.0.16\bin\nio.dll
Event: 0.052 Loaded shared library C:\Users\manue\.jdks\corretto-17.0.16\bin\zip.dll
Event: 0.099 Loaded shared library C:\Users\manue\.jdks\corretto-17.0.16\bin\management.dll
Event: 0.104 Loaded shared library C:\Users\manue\.jdks\corretto-17.0.16\bin\management_ext.dll
Event: 0.114 Loaded shared library C:\Users\manue\.jdks\corretto-17.0.16\bin\jimage.dll
Event: 0.267 Loaded shared library C:\Users\manue\AppData\Local\Temp\lwjgl_manue\3.3.3+5\x64\lwjgl.dll
Event: 0.527 Loaded shared library C:\Users\manue\AppData\Local\Temp\lwjgl_manue\3.3.3+5\x64\lwjgl_stb.dll
Event: 0.650 Loaded shared library C:\Users\manue\AppData\Local\Temp\lwjgl_manue\3.3.3+5\x64\lwjgl_opengl.dll
Event: 0.860 Loaded shared library C:\Users\manue\AppData\Local\Temp\imgui-java-natives\1.86.11\imgui-java64.dll
Event: 0.892 Loaded shared library C:\Users\manue\.jdks\corretto-17.0.16\bin\awt.dll
Event: 0.940 Loaded shared library C:\Users\manue\.jdks\corretto-17.0.16\bin\javajpeg.dll
Event: 1.769 Loaded shared library C:\Users\manue\.jdks\corretto-17.0.16\bin\lcms.dll
Event: 2.453 Loaded shared library C:\Users\manue\.jdks\corretto-17.0.16\bin\freetype.dll
Event: 2.454 Loaded shared library C:\Users\manue\.jdks\corretto-17.0.16\bin\fontmanager.dll

Deoptimization events (20 events):
Event: 4.004 Thread 0x0000018e372fd640 DEOPT PACKING pc=0x0000018e3f2f4595 sp=0x0000005ca65fef30
Event: 4.004 Thread 0x0000018e372fd640 DEOPT UNPACKING pc=0x0000018e462e7143 sp=0x0000005ca65fe4f8 mode 0
Event: 4.013 Thread 0x0000018e372fd640 Uncommon trap: trap_request=0xffffff45 fr.pc=0x0000018e46af4028 relative=0x0000000000000708
Event: 4.013 Thread 0x0000018e372fd640 Uncommon trap: reason=unstable_if action=reinterpret pc=0x0000018e46af4028 method=org.argentumforge.engine.renderer.Texture.loadTexture(Lorg/argentumforge/engine/renderer/Texture;Ljava/lang/String;Ljava/lang/String;Z)V @ 243 c2
Event: 4.013 Thread 0x0000018e372fd640 DEOPT PACKING pc=0x0000018e46af4028 sp=0x0000005ca65ff060
Event: 4.013 Thread 0x0000018e372fd640 DEOPT UNPACKING pc=0x0000018e462e69a3 sp=0x0000005ca65ff000 mode 2
Event: 4.019 Thread 0x0000018e372fd640 DEOPT PACKING pc=0x0000018e3f30a795 sp=0x0000005ca65feea0
Event: 4.019 Thread 0x0000018e372fd640 DEOPT UNPACKING pc=0x0000018e462e7143 sp=0x0000005ca65fe468 mode 0
Event: 4.019 Thread 0x0000018e372fd640 Uncommon trap: trap_request=0xffffff45 fr.pc=0x0000018e46af1c08 relative=0x00000000000001e8
Event: 4.019 Thread 0x0000018e372fd640 Uncommon trap: reason=unstable_if action=reinterpret pc=0x0000018e46af1c08 method=org.argentumforge.engine.renderer.Texture.loadTexture(Lorg/argentumforge/engine/renderer/Texture;Ljava/lang/String;Ljava/lang/String;Z)V @ 243 c2
Event: 4.019 Thread 0x0000018e372fd640 DEOPT PACKING pc=0x0000018e46af1c08 sp=0x0000005ca65fefe0
Event: 4.019 Thread 0x0000018e372fd640 DEOPT UNPACKING pc=0x0000018e462e69a3 sp=0x0000005ca65fef70 mode 2
Event: 4.030 Thread 0x0000018e372fd640 DEOPT PACKING pc=0x0000018e3f30a795 sp=0x0000005ca65fef30
Event: 4.030 Thread 0x0000018e372fd640 DEOPT UNPACKING pc=0x0000018e462e7143 sp=0x0000005ca65fe4f8 mode 0
Event: 4.032 Thread 0x0000018e372fd640 DEOPT PACKING pc=0x0000018e3f30a795 sp=0x0000005ca65feea0
Event: 4.032 Thread 0x0000018e372fd640 DEOPT UNPACKING pc=0x0000018e462e7143 sp=0x0000005ca65fe468 mode 0
Event: 4.035 Thread 0x0000018e372fd640 DEOPT PACKING pc=0x0000018e3f30a795 sp=0x0000005ca65fef30
Event: 4.035 Thread 0x0000018e372fd640 DEOPT UNPACKING pc=0x0000018e462e7143 sp=0x0000005ca65fe4f8 mode 0
Event: 4.038 Thread 0x0000018e372fd640 DEOPT PACKING pc=0x0000018e3f30a795 sp=0x0000005ca65feea0
Event: 4.038 Thread 0x0000018e372fd640 DEOPT UNPACKING pc=0x0000018e462e7143 sp=0x0000005ca65fe468 mode 0

Classes loaded (20 events):
Event: 3.911 Loading class java/io/FileOutputStream$1
Event: 3.911 Loading class java/io/FileOutputStream$1 done
Event: 3.923 Loading class sun/awt/shell/Win32ShellFolder2$FolderDisposer$1
Event: 3.923 Loading class sun/awt/shell/Win32ShellFolder2$FolderDisposer$1 done
Event: 3.941 Loading class com/sun/imageio/plugins/bmp/BMPImageReader
Event: 3.941 Loading class com/sun/imageio/plugins/bmp/BMPConstants
Event: 3.942 Loading class com/sun/imageio/plugins/bmp/BMPConstants done
Event: 3.942 Loading class com/sun/imageio/plugins/bmp/BMPImageReader done
Event: 3.942 Loading class com/sun/imageio/plugins/bmp/BMPMetadata
Event: 3.942 Loading class javax/imageio/metadata/IIOMetadata
Event: 3.942 Loading class javax/imageio/metadata/IIOMetadata done
Event: 3.942 Loading class com/sun/imageio/plugins/bmp/BMPMetadata done
Event: 3.942 Loading class com/sun/imageio/plugins/common/ImageUtil
Event: 3.942 Loading class com/sun/imageio/plugins/common/ImageUtil done
Event: 4.009 Loading class java/awt/image/SinglePixelPackedSampleModel
Event: 4.009 Loading class java/awt/image/SinglePixelPackedSampleModel done
Event: 4.010 Loading class java/awt/image/DataBufferInt
Event: 4.010 Loading class java/awt/image/DataBufferInt done
Event: 4.010 Loading class sun/awt/image/IntegerInterleavedRaster
Event: 4.010 Loading class sun/awt/image/IntegerInterleavedRaster done

Classes unloaded (0 events):
No events

Classes redefined (0 events):
No events

Internal exceptions (20 events):
Event: 4.038 Thread 0x0000018e372fd640 Exception <a 'sun/nio/fs/WindowsException'{0x0000000620b78aa8}> (0x0000000620b78aa8) 
thrown [s\src\hotspot\share\prims\jni.cpp, line 516]
Event: 4.039 Thread 0x0000018e372fd640 Exception <a 'sun/nio/fs/WindowsException'{0x0000000620b899a0}> (0x0000000620b899a0) 
thrown [s\src\hotspot\share\prims\jni.cpp, line 516]
Event: 4.041 Thread 0x0000018e372fd640 Exception <a 'sun/nio/fs/WindowsException'{0x0000000620ba0470}> (0x0000000620ba0470) 
thrown [s\src\hotspot\share\prims\jni.cpp, line 516]
Event: 4.047 Thread 0x0000018e372fd640 Exception <a 'sun/nio/fs/WindowsException'{0x0000000620ba6cf0}> (0x0000000620ba6cf0) 
thrown [s\src\hotspot\share\prims\jni.cpp, line 516]
Event: 4.050 Thread 0x0000018e372fd640 Exception <a 'sun/nio/fs/WindowsException'{0x0000000620bce448}> (0x0000000620bce448) 
thrown [s\src\hotspot\share\prims\jni.cpp, line 516]
Event: 4.052 Thread 0x0000018e372fd640 Exception <a 'sun/nio/fs/WindowsException'{0x0000000620bd9668}> (0x0000000620bd9668) 
thrown [s\src\hotspot\share\prims\jni.cpp, line 516]
Event: 4.054 Thread 0x0000018e372fd640 Exception <a 'sun/nio/fs/WindowsException'{0x000000062034cbd8}> (0x000000062034cbd8) 
thrown [s\src\hotspot\share\prims\jni.cpp, line 516]
Event: 4.056 Thread 0x0000018e372fd640 Exception <a 'sun/nio/fs/WindowsException'{0x000000062036e4f0}> (0x000000062036e4f0) 
thrown [s\src\hotspot\share\prims\jni.cpp, line 516]
Event: 4.059 Thread 0x0000018e372fd640 Exception <a 'sun/nio/fs/WindowsException'{0x00000006203d5c70}> (0x00000006203d5c70) 
thrown [s\src\hotspot\share\prims\jni.cpp, line 516]
Event: 4.061 Thread 0x0000018e372fd640 Exception <a 'sun/nio/fs/WindowsException'{0x00000006203e9410}> (0x00000006203e9410) 
thrown [s\src\hotspot\share\prims\jni.cpp, line 516]
Event: 4.063 Thread 0x0000018e372fd640 Exception <a 'sun/nio/fs/WindowsException'{0x000000061fc8dc20}> (0x000000061fc8dc20) 
thrown [s\src\hotspot\share\prims\jni.cpp, line 516]
Event: 4.065 Thread 0x0000018e372fd640 Exception <a 'sun/nio/fs/WindowsException'{0x000000061fc9ed90}> (0x000000061fc9ed90) 
thrown [s\src\hotspot\share\prims\jni.cpp, line 516]
Event: 4.067 Thread 0x0000018e372fd640 Exception <a 'sun/nio/fs/WindowsException'{0x000000061fca7408}> (0x000000061fca7408) 
thrown [s\src\hotspot\share\prims\jni.cpp, line 516]
Event: 4.068 Thread 0x0000018e372fd640 Exception <a 'sun/nio/fs/WindowsException'{0x000000061fcb5ff8}> (0x000000061fcb5ff8) 
thrown [s\src\hotspot\share\prims\jni.cpp, line 516]
Event: 4.070 Thread 0x0000018e372fd640 Exception <a 'sun/nio/fs/WindowsException'{0x000000061fcc4cb8}> (0x000000061fcc4cb8) 
thrown [s\src\hotspot\share\prims\jni.cpp, line 516]
Event: 4.071 Thread 0x0000018e372fd640 Exception <a 'sun/nio/fs/WindowsException'{0x000000061fccd5a0}> (0x000000061fccd5a0) 
thrown [s\src\hotspot\share\prims\jni.cpp, line 516]
Event: 4.074 Thread 0x0000018e372fd640 Exception <a 'sun/nio/fs/WindowsException'{0x000000061fd74d08}> (0x000000061fd74d08) 
thrown [s\src\hotspot\share\prims\jni.cpp, line 516]
Event: 4.075 Thread 0x0000018e372fd640 Exception <a 'sun/nio/fs/WindowsException'{0x000000061fd80f78}> (0x000000061fd80f78) 
thrown [s\src\hotspot\share\prims\jni.cpp, line 516]
Event: 4.077 Thread 0x0000018e372fd640 Exception <a 'sun/nio/fs/WindowsException'{0x000000061fd8c188}> (0x000000061fd8c188) 
thrown [s\src\hotspot\share\prims\jni.cpp, line 516]
Event: 4.079 Thread 0x0000018e372fd640 Exception <a 'sun/nio/fs/WindowsException'{0x000000061fd9a5e0}> (0x000000061fd9a5e0) 
thrown [s\src\hotspot\share\prims\jni.cpp, line 516]

VM Operations (20 events):
Event: 1.787 Executing VM operation: G1CollectForAllocation
Event: 1.790 Executing VM operation: G1CollectForAllocation done
Event: 2.436 Executing VM operation: HandshakeAllThreads
Event: 2.436 Executing VM operation: HandshakeAllThreads done
Event: 2.461 Executing VM operation: HandshakeAllThreads
Event: 2.461 Executing VM operation: HandshakeAllThreads done
Event: 2.606 Executing VM operation: HandshakeAllThreads
Event: 2.606 Executing VM operation: HandshakeAllThreads done
Event: 2.858 Executing VM operation: HandshakeAllThreads
Event: 2.858 Executing VM operation: HandshakeAllThreads done
Event: 2.858 Executing VM operation: Cleanup
Event: 2.859 Executing VM operation: Cleanup done
Event: 3.869 Executing VM operation: Cleanup
Event: 3.869 Executing VM operation: Cleanup done
Event: 3.919 Executing VM operation: G1CollectForAllocation
Event: 3.922 Executing VM operation: G1CollectForAllocation done
Event: 4.010 Executing VM operation: HandshakeAllThreads
Event: 4.010 Executing VM operation: HandshakeAllThreads done
Event: 4.010 Executing VM operation: HandshakeAllThreads
Event: 4.010 Executing VM operation: HandshakeAllThreads done

Memory protections (0 events):
No events

Nmethod flushes (0 events):
No events

Events (20 events):
Event: 0.938 Thread 0x0000018e372fd640 Thread added: 0x0000018eab7548b0
Event: 1.763 Thread 0x0000018e645d3750 Thread added: 0x0000018eab7cde20
Event: 2.369 Thread 0x0000018eab7cde20 Thread exited: 0x0000018eab7cde20
Event: 2.371 Thread 0x0000018e372fd640 Thread added: 0x0000018eab7cde20
Event: 2.372 Thread 0x0000018e372fd640 Thread added: 0x0000018eb3e0d7f0
Event: 2.405 Thread 0x0000018e372fd640 Thread added: 0x0000018eb3cf13c0
Event: 2.424 Thread 0x0000018e372fd640 Thread added: 0x0000018eb3cb6d40
Event: 2.440 Thread 0x0000018e372fd640 Thread added: 0x0000018eb40422c0
Event: 2.791 Thread 0x0000018e372fd640 Thread added: 0x0000018eb403f020
Event: 2.792 Thread 0x0000018e372fd640 Thread added: 0x0000018eb4040460
Event: 2.792 Thread 0x0000018eb403f020 Thread exited: 0x0000018eb403f020
Event: 2.796 Thread 0x0000018eb4040460 Thread exited: 0x0000018eb4040460
Event: 2.858 Thread 0x0000018e372fd640 Thread added: 0x0000018eb4041db0
Event: 2.873 Thread 0x0000018e646a5570 Thread added: 0x0000018eb2a2b610
Event: 2.896 Thread 0x0000018eb4041db0 Thread exited: 0x0000018eb4041db0
Event: 2.908 Thread 0x0000018e372fd640 Thread added: 0x0000018eb40418a0
Event: 2.927 Thread 0x0000018eb3cb6d40 Thread added: 0x0000018eb4041390
Event: 2.945 Thread 0x0000018eb40418a0 Thread exited: 0x0000018eb40418a0
Event: 2.967 Thread 0x0000018eb3cb6d40 Thread added: 0x0000018eb40427d0
Event: 3.199 Thread 0x0000018eb2a2b610 Thread exited: 0x0000018eb2a2b610


Dynamic libraries:
0x00007ff6f54d0000 - 0x00007ff6f54de000 	C:\Users\manue\.jdks\corretto-17.0.16\bin\java.exe
0x00007ff8998a0000 - 0x00007ff899b07000 	C:\WINDOWS\SYSTEM32\ntdll.dll
0x00007ff898de0000 - 0x00007ff898ea9000 	C:\WINDOWS\System32\KERNEL32.DLL
0x00007ff896f10000 - 0x00007ff8972ff000 	C:\WINDOWS\System32\KERNELBASE.dll
0x00007ff8969f0000 - 0x00007ff896b3b000 	C:\WINDOWS\System32\ucrtbase.dll
0x00007ff87d1e0000 - 0x00007ff87d1f7000 	C:\Users\manue\.jdks\corretto-17.0.16\bin\jli.dll
0x00007ff899350000 - 0x00007ff899515000 	C:\WINDOWS\System32\USER32.dll
0x00007ff896d60000 - 0x00007ff896d87000 	C:\WINDOWS\System32\win32u.dll
0x00007ff899830000 - 0x00007ff89985b000 	C:\WINDOWS\System32\GDI32.dll
0x00007ff897310000 - 0x00007ff89743c000 	C:\WINDOWS\System32\gdi32full.dll
0x00007ff896cb0000 - 0x00007ff896d53000 	C:\WINDOWS\System32\msvcp_win.dll
0x00007ff87d180000 - 0x00007ff87d19b000 	C:\Users\manue\.jdks\corretto-17.0.16\bin\VCRUNTIME140.dll
0x00007ff87dbf0000 - 0x00007ff87de83000 	C:\WINDOWS\WinSxS\amd64_microsoft.windows.common-controls_6595b64144ccf1df_6.0.26100.7309_none_3e05feeae336a044\COMCTL32.dll
0x00007ff897d90000 - 0x00007ff897e39000 	C:\WINDOWS\System32\msvcrt.dll
0x00007ff898fd0000 - 0x00007ff899001000 	C:\WINDOWS\System32\IMM32.DLL
0x00007ff87d110000 - 0x00007ff87d11c000 	C:\Users\manue\.jdks\corretto-17.0.16\bin\vcruntime140_1.dll
0x00007ff878370000 - 0x00007ff8783fd000 	C:\Users\manue\.jdks\corretto-17.0.16\bin\msvcp140.dll
0x00007fffdacc0000 - 0x00007fffdb92c000 	C:\Users\manue\.jdks\corretto-17.0.16\bin\server\jvm.dll
0x00007ff897ec0000 - 0x00007ff897f74000 	C:\WINDOWS\System32\ADVAPI32.dll
0x00007ff8992a0000 - 0x00007ff899346000 	C:\WINDOWS\System32\sechost.dll
0x00007ff8995a0000 - 0x00007ff8996b8000 	C:\WINDOWS\System32\RPCRT4.dll
0x00007ff899520000 - 0x00007ff899594000 	C:\WINDOWS\System32\WS2_32.dll
0x00007ff896850000 - 0x00007ff8968ae000 	C:\WINDOWS\SYSTEM32\POWRPROF.dll
0x00007ff890090000 - 0x00007ff89009b000 	C:\WINDOWS\SYSTEM32\VERSION.dll
0x00007ff889570000 - 0x00007ff8895a5000 	C:\WINDOWS\SYSTEM32\WINMM.dll
0x00007ff896830000 - 0x00007ff896844000 	C:\WINDOWS\SYSTEM32\UMPDC.dll
0x00007ff895760000 - 0x00007ff89577b000 	C:\WINDOWS\SYSTEM32\kernel.appcore.dll
0x00007ff87d100000 - 0x00007ff87d10a000 	C:\Users\manue\.jdks\corretto-17.0.16\bin\jimage.dll
0x00007ff881460000 - 0x00007ff8816a2000 	C:\WINDOWS\SYSTEM32\DBGHELP.DLL
0x00007ff897640000 - 0x00007ff8979c5000 	C:\WINDOWS\System32\combase.dll
0x00007ff8979d0000 - 0x00007ff897aa6000 	C:\WINDOWS\System32\OLEAUT32.dll
0x00007ff87fed0000 - 0x00007ff87ff0c000 	C:\WINDOWS\SYSTEM32\dbgcore.DLL
0x00007ff897440000 - 0x00007ff8974e5000 	C:\WINDOWS\System32\bcryptPrimitives.dll
0x00007ff878540000 - 0x00007ff878565000 	C:\Users\manue\.jdks\corretto-17.0.16\bin\java.dll
0x00007ff867800000 - 0x00007ff8678d7000 	C:\Users\manue\.jdks\corretto-17.0.16\bin\jsvml.dll
0x00007ff898680000 - 0x00007ff898dd3000 	C:\WINDOWS\System32\SHELL32.dll
0x00007ff896b40000 - 0x00007ff896caa000 	C:\WINDOWS\System32\wintypes.dll
0x00007ff8945d0000 - 0x00007ff894e2e000 	C:\WINDOWS\SYSTEM32\windows.storage.dll
0x00007ff899180000 - 0x00007ff899275000 	C:\WINDOWS\System32\SHCORE.dll
0x00007ff897ab0000 - 0x00007ff897b16000 	C:\WINDOWS\System32\shlwapi.dll
0x00007ff896910000 - 0x00007ff896939000 	C:\WINDOWS\SYSTEM32\profapi.dll
0x00007ff8785b0000 - 0x00007ff8785c9000 	C:\Users\manue\.jdks\corretto-17.0.16\bin\net.dll
0x00007ff890ae0000 - 0x00007ff890c08000 	C:\WINDOWS\SYSTEM32\WINHTTP.dll
0x00007ff895cb0000 - 0x00007ff895d1b000 	C:\WINDOWS\system32\mswsock.dll
0x00007ff877b50000 - 0x00007ff877b66000 	C:\Users\manue\.jdks\corretto-17.0.16\bin\nio.dll
0x00007ff8778b0000 - 0x00007ff8778c8000 	C:\Users\manue\.jdks\corretto-17.0.16\bin\zip.dll
0x00007ff878530000 - 0x00007ff878539000 	C:\Users\manue\.jdks\corretto-17.0.16\bin\management.dll
0x00007ff878360000 - 0x00007ff87836b000 	C:\Users\manue\.jdks\corretto-17.0.16\bin\management_ext.dll
0x00007ff899010000 - 0x00007ff899018000 	C:\WINDOWS\System32\PSAPI.DLL
0x00007ff815430000 - 0x00007ff8154ab000 	C:\Users\manue\AppData\Local\Temp\lwjgl_manue\3.3.3+5\x64\lwjgl.dll
0x00007ff8153a0000 - 0x00007ff815422000 	C:\Users\manue\AppData\Local\Temp\lwjgl_manue\3.3.3+5\x64\glfw.dll
0x00007ff85a890000 - 0x00007ff85a8db000 	C:\WINDOWS\SYSTEM32\dinput8.dll
0x00007ff85cde0000 - 0x00007ff85cdfc000 	C:\WINDOWS\SYSTEM32\xinput1_4.dll
0x00007ff896560000 - 0x00007ff8965b7000 	C:\WINDOWS\SYSTEM32\cfgmgr32.dll
0x00007ff896530000 - 0x00007ff89655d000 	C:\WINDOWS\SYSTEM32\DEVOBJ.dll
0x00007ff894120000 - 0x00007ff894150000 	C:\WINDOWS\SYSTEM32\dwmapi.dll
0x00007ff863eb0000 - 0x00007ff864095000 	C:\WINDOWS\SYSTEM32\inputhost.dll
0x00007ff893210000 - 0x00007ff893337000 	C:\WINDOWS\SYSTEM32\CoreMessaging.dll
0x00007ff893c70000 - 0x00007ff893d1b000 	C:\WINDOWS\system32\uxtheme.dll
0x00007ff895f00000 - 0x00007ff895f0c000 	C:\WINDOWS\SYSTEM32\CRYPTBASE.DLL
0x00007ff8996c0000 - 0x00007ff89981e000 	C:\WINDOWS\System32\MSCTF.dll
0x00007ff810b70000 - 0x00007ff810c80000 	C:\WINDOWS\SYSTEM32\opengl32.dll
0x00007ff85baf0000 - 0x00007ff85bb1d000 	C:\WINDOWS\SYSTEM32\GLU32.dll
0x00007ff893d70000 - 0x00007ff893db4000 	C:\WINDOWS\SYSTEM32\dxcore.dll
0x00007ff888800000 - 0x00007ff88881a000 	C:\WINDOWS\SYSTEM32\windows.staterepositorycore.dll
0x00007ff805950000 - 0x00007ff808275000 	C:\WINDOWS\System32\DriverStore\FileRepository\nv_dispi.inf_amd64_7840b4313191ae17\nvoglv64.dll
0x00007ff898000000 - 0x00007ff89848a000 	C:\WINDOWS\System32\SETUPAPI.dll
0x00007ff897b20000 - 0x00007ff897cb7000 	C:\WINDOWS\System32\ole32.dll
0x00007ff893a20000 - 0x00007ff893a49000 	C:\WINDOWS\SYSTEM32\WTSAPI32.dll
0x00007ff896d90000 - 0x00007ff896f07000 	C:\WINDOWS\System32\CRYPT32.dll
0x00007ff895a00000 - 0x00007ff895a49000 	C:\WINDOWS\SYSTEM32\SspiCli.dll
0x00007ff896100000 - 0x00007ff896113000 	C:\WINDOWS\SYSTEM32\msasn1.dll
0x00007ff88fd40000 - 0x00007ff88fd7b000 	C:\WINDOWS\SYSTEM32\cryptnet.dll
0x00007ff895fa0000 - 0x00007ff896005000 	C:\WINDOWS\SYSTEM32\wldp.dll
0x00007ff88fbc0000 - 0x00007ff88fd3b000 	C:\WINDOWS\SYSTEM32\drvstore.dll
0x00007ff8974f0000 - 0x00007ff897570000 	C:\WINDOWS\System32\WINTRUST.dll
0x00007ff895880000 - 0x00007ff8958b6000 	C:\WINDOWS\SYSTEM32\ntmarta.dll
0x00007ff898eb0000 - 0x00007ff898ed0000 	C:\WINDOWS\System32\imagehlp.dll
0x00007ff8960a0000 - 0x00007ff8960bb000 	C:\WINDOWS\System32\CRYPTSP.dll
0x00007ff8956c0000 - 0x00007ff8956fa000 	C:\WINDOWS\system32\rsaenh.dll
0x00007ff8968e0000 - 0x00007ff89690a000 	C:\WINDOWS\System32\bcrypt.dll
0x00007ff88a840000 - 0x00007ff88f53f000 	C:\WINDOWS\System32\DriverStore\FileRepository\nv_dispi.inf_amd64_7840b4313191ae17\nvgpucomp64.dll
0x00007ff838c40000 - 0x00007ff838d87000 	C:\WINDOWS\system32\nvspcap64.dll
0x00007ff8965f0000 - 0x00007ff896654000 	C:\WINDOWS\SYSTEM32\WINSTA.dll
0x00007fffd9050000 - 0x00007fffd90d2000 	C:\Users\manue\AppData\Local\Temp\lwjgl_manue\3.3.3+5\x64\lwjgl_stb.dll
0x00007ff87ae00000 - 0x00007ff87aec0000 	C:\WINDOWS\SYSTEM32\mscms.dll
0x00007ff80a3a0000 - 0x00007ff80a3e9000 	C:\WINDOWS\SYSTEM32\icm32.dll
0x00007fffc8690000 - 0x00007fffc8857000 	C:\Users\manue\AppData\Local\Temp\lwjgl_manue\3.3.3+5\x64\OpenAL.dll
0x00007ff897cc0000 - 0x00007ff897d70000 	C:\WINDOWS\System32\clbcatq.dll
0x00007ff88a4a0000 - 0x00007ff88a537000 	C:\WINDOWS\System32\MMDevApi.dll
0x00007ff889100000 - 0x00007ff8892b4000 	C:\WINDOWS\SYSTEM32\AUDIOSES.DLL
0x00007ff8941b0000 - 0x00007ff8941c4000 	C:\WINDOWS\SYSTEM32\resourcepolicyclient.dll
0x00007ff871690000 - 0x00007ff8717d8000 	C:\WINDOWS\SYSTEM32\textinputframework.dll
0x00007ff890570000 - 0x00007ff890852000 	C:\WINDOWS\SYSTEM32\CoreUIComponents.dll
0x00007fffd8ff0000 - 0x00007fffd904e000 	C:\Users\manue\AppData\Local\Temp\lwjgl_manue\3.3.3+5\x64\lwjgl_opengl.dll
0x00007fffc1bf0000 - 0x00007fffc29d7000 	C:\Users\manue\AppData\Local\Temp\imgui-java-natives\1.86.11\imgui-java64.dll
0x00007fffc4200000 - 0x00007fffc4390000 	C:\Users\manue\.jdks\corretto-17.0.16\bin\awt.dll
0x00007ff893a50000 - 0x00007ff893aef000 	C:\WINDOWS\SYSTEM32\apphelp.dll
0x00007ff895d60000 - 0x00007ff895d8b000 	C:\WINDOWS\SYSTEM32\USERENV.dll
0x00007ff895200000 - 0x00007ff895234000 	C:\WINDOWS\SYSTEM32\IPHLPAPI.DLL
0x00007ff898670000 - 0x00007ff89867a000 	C:\WINDOWS\System32\NSI.dll
0x00007ff890540000 - 0x00007ff89055e000 	C:\WINDOWS\SYSTEM32\dhcpcsvc6.DLL
0x00007ff8904c0000 - 0x00007ff8904e3000 	C:\WINDOWS\SYSTEM32\dhcpcsvc.DLL
0x00007ff8952e0000 - 0x00007ff89540c000 	C:\WINDOWS\SYSTEM32\DNSAPI.dll
0x00007ff8778e0000 - 0x00007ff87790d000 	C:\Users\manue\.jdks\corretto-17.0.16\bin\javajpeg.dll
0x00007fffd8fa0000 - 0x00007fffd8fe2000 	C:\Users\manue\.jdks\corretto-17.0.16\bin\lcms.dll
0x00007ff871460000 - 0x00007ff871514000 	C:\WINDOWS\WinSxS\amd64_microsoft.windows.common-controls_6595b64144ccf1df_5.82.26100.7309_none_87ef0e2f7a2c9771\comctl32.dll
0x00007fffd8f10000 - 0x00007fffd8f97000 	C:\Users\manue\.jdks\corretto-17.0.16\bin\freetype.dll
0x00007fffc4110000 - 0x00007fffc41fb000 	C:\Users\manue\.jdks\corretto-17.0.16\bin\fontmanager.dll
0x00007ff837060000 - 0x00007ff837213000 	C:\WINDOWS\system32\d3d9.dll
0x00007ff8900a0000 - 0x00007ff890164000 	C:\WINDOWS\System32\DriverStore\FileRepository\nv_dispi.inf_amd64_7840b4313191ae17\nvldumdx.dll
0x00007ff8895f0000 - 0x00007ff889720000 	C:\WINDOWS\System32\DriverStore\FileRepository\nv_dispi.inf_amd64_7840b4313191ae17\NvMemMapStoragex.dll
0x00007ff818430000 - 0x00007ff81a753000 	C:\WINDOWS\System32\DriverStore\FileRepository\nv_dispi.inf_amd64_7840b4313191ae17\nvd3dumx.dll
0x00007ff890cd0000 - 0x00007ff890d33000 	C:\WINDOWS\SYSTEM32\directxdatabasehelper.dll
0x00007ff895d20000 - 0x00007ff895d52000 	C:\WINDOWS\SYSTEM32\gpapi.dll
0x00007ff838a80000 - 0x00007ff838c37000 	C:\WINDOWS\System32\DriverStore\FileRepository\nv_dispi.inf_amd64_7840b4313191ae17\nvppex.dll
0x00007ff8917f0000 - 0x00007ff8918f3000 	C:\WINDOWS\SYSTEM32\PROPSYS.dll
0x00007ff861450000 - 0x00007ff86146b000 	C:\WINDOWS\system32\NetworkExplorer.dll
0x00007ff87ef10000 - 0x00007ff87ef31000 	C:\WINDOWS\SYSTEM32\MPR.dll
0x00007ff86d1d0000 - 0x00007ff86d1f2000 	C:\WINDOWS\System32\p9np.dll
0x00007ff872a90000 - 0x00007ff872a9d000 	C:\WINDOWS\System32\drprov.dll
0x00007ff871130000 - 0x00007ff871155000 	C:\WINDOWS\System32\ntlanman.dll
0x00007ff871100000 - 0x00007ff871121000 	C:\WINDOWS\System32\davclnt.dll
0x00007ff894fa0000 - 0x00007ff894fad000 	C:\WINDOWS\System32\netutils.dll
0x00007ff86c4e0000 - 0x00007ff86c4f3000 	C:\WINDOWS\SYSTEM32\cscapi.dll
0x00007ff87e380000 - 0x00007ff87e3a9000 	C:\WINDOWS\System32\srvcli.dll
0x00007ff8903c0000 - 0x00007ff8903db000 	C:\WINDOWS\System32\wkscli.dll
0x00007ff8638f0000 - 0x00007ff863942000 	C:\Windows\System32\dlnashext.dll

dbghelp: loaded successfully - version: 4.0.5 - missing functions: none
symbol engine: initialized successfully - sym options: 0x614 - pdb path: .;C:\Users\manue\.jdks\corretto-17.0.16\bin;C:\WINDOWS\SYSTEM32;C:\WINDOWS\WinSxS\amd64_microsoft.windows.common-controls_6595b64144ccf1df_6.0.26100.7309_none_3e05feeae336a044;C:\Users\manue\.jdks\corretto-17.0.16\bin\server;C:\Users\manue\AppData\Local\Temp\lwjgl_manue\3.3.3+5\x64;C:\WINDOWS\System32\DriverStore\FileRepository\nv_dispi.inf_amd64_7840b4313191ae17;C:\Users\manue\AppData\Local\Temp\imgui-java-natives\1.86.11;C:\WINDOWS\WinSxS\amd64_microsoft.windows.common-controls_6595b64144ccf1df_5.82.26100.7309_none_87ef0e2f7a2c9771;C:\WINDOWS\WinSxS\amd64_microsoft.windows.gdiplus_6595b64144ccf1df_1.1.26100.7309_none_6ef0f1d03dc91a12

VM Arguments:
jvm_args: -Dfile.encoding=UTF-8 -Duser.country=ES -Duser.language=es -Duser.variant 
java_command: org.argentumforge.Main
java_class_path (initial): F:\IdeaProjects\Argentum-Forge\build\classes\java\main;F:\IdeaProjects\Argentum-Forge\build\resources\main;C:\Users\manue\.gradle\caches\modules-2\files-2.1\org.tinylog\tinylog-impl\2.7.0\46a5d4d50d3302460a5143e51befdb7245ccba5d\tinylog-impl-2.7.0.jar;C:\Users\manue\.gradle\caches\modules-2\files-2.1\org.tinylog\tinylog-api\2.7.0\17875aa7c4acfee6a9e9a83a5d1469cc0411be40\tinylog-api-2.7.0.jar;C:\Users\manue\.gradle\caches\modules-2\files-2.1\io.github.spair\imgui-java-app\1.86.11\ff00e7e3d0141cf98bc81dc55a5dbd3c2dababfa\imgui-java-app-1.86.11.jar;C:\Users\manue\.gradle\caches\modules-2\files-2.1\io.github.spair\imgui-java-lwjgl3\1.86.11\7f6657336844bd5a5321ca4987ff1e5476df5aeb\imgui-java-lwjgl3-1.86.11.jar;C:\Users\manue\.gradle\caches\modules-2\files-2.1\io.github.spair\imgui-java-binding\1.86.11\9f6655bb12d271cb8c63e4394aa697ded1eae48\imgui-java-binding-1.86.11.jar;C:\Users\manue\.gradle\caches\modules-2\files-2.1\io.github.spair\imgui-java-natives-windows\1.86.11\7ad16055af581b5029f3938b0a91f98db7194249\imgui-java-natives-windows-1.86.11.jar;C:\Users\manue\.gradle\caches\modules-2\files-2.1\org.lwjgl\lwjgl-assimp\3.3.3\c2c34011cbda30ed8cf98bc5cbf97b49afe5279a\lwjgl-assimp-3.3.3.jar;C:\Users\manue\.gradle\caches\modules-2\files-2.1\org.lwjgl\lwjgl-assimp\3.3.3\d90ccdade594716062975cffd1431d387f770ac4\lwjgl-assimp-3.3.3-natives-windows.jar;C:\Users\manue\.gradle\caches\modules-2\files-2.1\org.lwjgl\lwjgl-bgfx\3.3.3\a19c4bfd1532863425098f05316726854aed8c51\lwjgl-bgfx-3.3.3.jar;C:\Users\manue\.gradle\caches\modules-2\files-2.1\org.lwjgl\lwjgl-bgfx\3.3.3\2db0ad304f20677e9269311cb6cb5f4f2eed889\lwjgl-bgfx-3.3.3-natives-windows.jar;C:\Users\manue\.gradle\caches\modules-2\files-2.1\org.lwjgl\lwjgl-glfw\3.3.3\efa1eb78c5ccd840e9f329717109b5e892d72f8e\lwjgl-glfw-3.3.3.jar;C:\Users\manue\.gradle\caches\modules-2\files-2.1\org.lwjgl\lwjgl-glfw\3.3.3\e449e28b4891fc423c54c85fbc5bb0b9efece67a\lwjgl-glfw-3.3.3-natives-windows.jar;C:\Users\manue\.gradle
Launcher Type: SUN_STANDARD

[Global flags]
     intx CICompilerCount                          = 12                                        {product} {ergonomic}
     uint ConcGCThreads                            = 3                                         {product} {ergonomic}
     uint G1ConcRefinementThreads                  = 13                                        {product} {ergonomic}
   size_t G1HeapRegionSize                         = 4194304                                   {product} {ergonomic}
    uintx GCDrainStackTargetSize                   = 64                                        {product} {ergonomic}
   size_t InitialHeapSize                          = 536870912                                 {product} {ergonomic}
   size_t MarkStackSize                            = 4194304                                   {product} {ergonomic}
   size_t MaxHeapSize                              = 8547991552                                {product} {ergonomic}
   size_t MaxNewSize                               = 5125439488                                {product} {ergonomic}
   size_t MinHeapDeltaBytes                        = 4194304                                   {product} {ergonomic}
   size_t MinHeapSize                              = 8388608                                   {product} {ergonomic}
    uintx NonNMethodCodeHeapSize                   = 7602480                                {pd product} {ergonomic}
    uintx NonProfiledCodeHeapSize                  = 122027880                              {pd product} {ergonomic}
    uintx ProfiledCodeHeapSize                     = 122027880                              {pd product} {ergonomic}
    uintx ReservedCodeCacheSize                    = 251658240                              {pd product} {ergonomic}
     bool SegmentedCodeCache                       = true                                      {product} {ergonomic}
   size_t SoftMaxHeapSize                          = 8547991552                             {manageable} {ergonomic}
     bool UseCompressedClassPointers               = true                           {product lp64_product} {ergonomic}
     bool UseCompressedOops                        = true                           {product lp64_product} {ergonomic}
     bool UseG1GC                                  = true                                      {product} {ergonomic}
     bool UseLargePagesIndividualAllocation        = false                                  {pd product} {ergonomic}

Logging:
Log output configuration:
 #0: stdout all=warning uptime,level,tags
 #1: stderr all=off uptime,level,tags

Environment Variables:
PATH=C:\Program Files\Common Files\Oracle\Java\javapath;C:\Program Files\Python311\Scripts\;C:\Program Files\Python311\;C:\WINDOWS\system32;C:\WINDOWS;C:\WINDOWS\System32\Wbem;C:\WINDOWS\System32\WindowsPowerShell\v1.0\;C:\WINDOWS\System32\OpenSSH\;C:\Program Files\nodejs\;C:\Program Files\PuTTY\;C:\Program Files\Git\cmd;C:\Program Files\NVIDIA Corporation\NVIDIA App\NvDLISR;C:\Program Files (x86)\NVIDIA Corporation\PhysX\Common;C:\Program Files\PowerShell\7\;C:\Program Files\Cloudflare\Cloudflare WARP\;C:\Users\manue\AppData\Local\Microsoft\WindowsApps;C:\Users\manue\AppData\Roaming\npm;C:\Users\manue\AppData\Local\Programs\Microsoft VS Code\bin;C:\ffmpeg\bin;C:\Users\manue\AppData\Local\Programs\Antigravity\bin;C:\Users\manue\.dotnet\tools;C:\Users\manue\.lmstudio\bin
USERNAME=manue
OS=Windows_NT
PROCESSOR_IDENTIFIER=Intel64 Family 6 Model 151 Stepping 2, GenuineIntel
TMP=C:\Users\manue\AppData\Local\Temp
TEMP=C:\Users\manue\AppData\Local\Temp



Periodic native trim disabled


---------------  S Y S T E M  ---------------

OS:
 Windows 11 , 64 bit Build 26100 (10.0.26100.7309)
OS uptime: 0 days 4:52 hours
Hyper-V role detected

CPU: total 16 (initial active 16) (8 cores per cpu, 2 threads per core) family 6 model 151 stepping 2 microcode 0x3a, cx8, cmov, fxsr, ht, mmx, 3dnowpref, sse, sse2, sse3, ssse3, sse4.1, sse4.2, popcnt, lzcnt, tsc, tscinvbit, avx, avx2, aes, erms, clmul, bmi1, bmi2, adx, sha, fma, vzeroupper, clflush, clflushopt, clwb, hv
Processor Information for all 16 processors :
  Max Mhz: 3700, Current Mhz: 3700, Mhz Limit: 3700

Memory: 4k page, system-wide physical 32606M (16620M free)
TotalPageFile size 40542M (AvailPageFile size 18257M)
current process WorkingSet (physical memory assigned to process): 287M, peak: 287M
current process commit charge ("private bytes"): 884M, peak: 884M

vm_info: OpenJDK 64-Bit Server VM (17.0.16+8-LTS) for windows-amd64 JRE (17.0.16+8-LTS), built on Jul  9 2025 19:25:12 by "Administrator" with MS VC++ 16.10 / 16.11 (VS2019)

END.
